<?xml version="1.0" encoding="UTF-8"?>
<robot generator="Robot 7.4.1 (Python 3.14.0 on darwin)" generated="2026-01-02T05:54:05.198426" rpa="false" schemaversion="5">
<suite id="s1" name="Test Cases" source="/Users/thanawatueasiripracha/Desktop/KKU/software-engineer/lab4/work/TestAutomationLab/test_cases">
<suite id="s1-s1" name="UAT-Lab04-001" source="/Users/thanawatueasiripracha/Desktop/KKU/software-engineer/lab4/work/TestAutomationLab/test_cases/UAT-Lab04-001.robot">
<test id="s1-s1-t1" name="UAT-Lab04-001 Valid Resgister" line="9">
<kw name="Open Browser To Register Page" owner="resource">
<kw name="Open Browser" owner="SeleniumLibrary">
<msg time="2026-01-02T05:54:05.258813" level="INFO">Opening browser 'Chrome' to base url 'http://localhost:7272/Lab4/Registration.html'.</msg>
<arg>${Registration URL}</arg>
<arg>${BROWSER}</arg>
<doc>Opens a new browser instance to the optional ``url``.</doc>
<status status="PASS" start="2026-01-02T05:54:05.258704" elapsed="0.694228"/>
</kw>
<kw name="Maximize Browser Window" owner="SeleniumLibrary">
<doc>Maximizes current browser window.</doc>
<status status="PASS" start="2026-01-02T05:54:05.953358" elapsed="0.337856"/>
</kw>
<kw name="Set Selenium Speed" owner="SeleniumLibrary">
<arg>${DELAY}</arg>
<doc>Sets the delay that is waited after each Selenium command.</doc>
<status status="PASS" start="2026-01-02T05:54:06.291439" elapsed="0.000320"/>
</kw>
<kw name="Registration Page Should Be Open" owner="resource">
<kw name="Title Should Be" owner="SeleniumLibrary">
<msg time="2026-01-02T05:54:06.299216" level="INFO">Page title is 'Registration'.</msg>
<arg>Registration</arg>
<doc>Verifies that the current page title equals ``title``.</doc>
<status status="PASS" start="2026-01-02T05:54:06.292236" elapsed="0.007037"/>
</kw>
<status status="PASS" start="2026-01-02T05:54:06.291927" elapsed="0.007407"/>
</kw>
<status status="PASS" start="2026-01-02T05:54:05.258392" elapsed="1.040975"/>
</kw>
<kw name="Input First Name" owner="resource">
<kw name="Input Text" owner="SeleniumLibrary">
<msg time="2026-01-02T05:54:06.300005" level="INFO">Typing text 'Somyod' into text field 'firstname'.</msg>
<arg>firstname</arg>
<arg>${FIRSTNAME}</arg>
<doc>Types the given ``text`` into the text field identified by ``locator``.</doc>
<status status="PASS" start="2026-01-02T05:54:06.299708" elapsed="0.063659"/>
</kw>
<arg>Somyod</arg>
<status status="PASS" start="2026-01-02T05:54:06.299537" elapsed="0.063907"/>
</kw>
<kw name="Input Last Name" owner="resource">
<kw name="Input Text" owner="SeleniumLibrary">
<msg time="2026-01-02T05:54:06.363940" level="INFO">Typing text 'Sodsai' into text field 'lastname'.</msg>
<arg>lastname</arg>
<arg>${LASTNAME}</arg>
<doc>Types the given ``text`` into the text field identified by ``locator``.</doc>
<status status="PASS" start="2026-01-02T05:54:06.363814" elapsed="0.022921"/>
</kw>
<arg>Sodsai</arg>
<status status="PASS" start="2026-01-02T05:54:06.363619" elapsed="0.023185"/>
</kw>
<kw name="Input Organization" owner="resource">
<kw name="Input Text" owner="SeleniumLibrary">
<msg time="2026-01-02T05:54:06.387221" level="INFO">Typing text 'CS KKU' into text field 'organization'.</msg>
<arg>organization</arg>
<arg>${ORGANIZATION}</arg>
<doc>Types the given ``text`` into the text field identified by ``locator``.</doc>
<status status="PASS" start="2026-01-02T05:54:06.387111" elapsed="0.022681"/>
</kw>
<arg>CS KKU</arg>
<status status="PASS" start="2026-01-02T05:54:06.386947" elapsed="0.022917"/>
</kw>
<kw name="Input Email" owner="resource">
<kw name="Input Text" owner="SeleniumLibrary">
<msg time="2026-01-02T05:54:06.410288" level="INFO">Typing text 'somyod@kkumail.com' into text field 'email'.</msg>
<arg>email</arg>
<arg>${EMAIL}</arg>
<doc>Types the given ``text`` into the text field identified by ``locator``.</doc>
<status status="PASS" start="2026-01-02T05:54:06.410176" elapsed="0.022853"/>
</kw>
<arg>somyod@kkumail.com</arg>
<status status="PASS" start="2026-01-02T05:54:06.410011" elapsed="0.023093"/>
</kw>
<kw name="Input Phone" owner="resource">
<kw name="Input Text" owner="SeleniumLibrary">
<msg time="2026-01-02T05:54:06.433545" level="INFO">Typing text '091-001-1234' into text field 'phone'.</msg>
<arg>phone</arg>
<arg>${PHONE}</arg>
<doc>Types the given ``text`` into the text field identified by ``locator``.</doc>
<status status="PASS" start="2026-01-02T05:54:06.433430" elapsed="0.049440"/>
</kw>
<arg>091-001-1234</arg>
<status status="PASS" start="2026-01-02T05:54:06.433266" elapsed="0.049670"/>
</kw>
<kw name="Submit Credentials" owner="resource">
<kw name="Click Button" owner="SeleniumLibrary">
<msg time="2026-01-02T05:54:06.483331" level="INFO">Clicking button 'registerButton'.</msg>
<arg>registerButton</arg>
<doc>Clicks the button identified by ``locator``.</doc>
<status status="PASS" start="2026-01-02T05:54:06.483224" elapsed="0.030946"/>
</kw>
<status status="PASS" start="2026-01-02T05:54:06.483073" elapsed="0.031178"/>
</kw>
<kw name="SUCCESS Page Should Be Open" owner="resource">
<kw name="Location Should Contain" owner="SeleniumLibrary">
<msg time="2026-01-02T05:54:06.526128" level="INFO">Current location contains 'http://localhost:7272/Lab4/Success.html'.</msg>
<arg>${SUCCESS URL}</arg>
<doc>Verifies that the current URL contains ``expected``.</doc>
<status status="PASS" start="2026-01-02T05:54:06.514684" elapsed="0.011504"/>
</kw>
<kw name="Title Should Be" owner="SeleniumLibrary">
<msg time="2026-01-02T05:54:06.527650" level="INFO">Page title is 'Success'.</msg>
<arg>Success</arg>
<doc>Verifies that the current page title equals ``title``.</doc>
<status status="PASS" start="2026-01-02T05:54:06.526283" elapsed="0.001392"/>
</kw>
<status status="PASS" start="2026-01-02T05:54:06.514428" elapsed="0.013284"/>
</kw>
<kw name="Close Browser" owner="SeleniumLibrary" type="TEARDOWN">
<doc>Closes the current browser.</doc>
<status status="PASS" start="2026-01-02T05:54:06.527906" elapsed="0.065880"/>
</kw>
<status status="PASS" start="2026-01-02T05:54:05.258107" elapsed="1.335788"/>
</test>
<test id="s1-s1-t2" name="UAT-Lab04-001 Resgister without Organization info" line="19">
<kw name="Open Browser To Register Page" owner="resource">
<kw name="Open Browser" owner="SeleniumLibrary">
<msg time="2026-01-02T05:54:06.594562" level="INFO">Opening browser 'Chrome' to base url 'http://localhost:7272/Lab4/Registration.html'.</msg>
<arg>${Registration URL}</arg>
<arg>${BROWSER}</arg>
<doc>Opens a new browser instance to the optional ``url``.</doc>
<status status="PASS" start="2026-01-02T05:54:06.594422" elapsed="0.572676"/>
</kw>
<kw name="Maximize Browser Window" owner="SeleniumLibrary">
<doc>Maximizes current browser window.</doc>
<status status="PASS" start="2026-01-02T05:54:07.167843" elapsed="0.342488"/>
</kw>
<kw name="Set Selenium Speed" owner="SeleniumLibrary">
<arg>${DELAY}</arg>
<doc>Sets the delay that is waited after each Selenium command.</doc>
<status status="PASS" start="2026-01-02T05:54:07.510495" elapsed="0.000315"/>
</kw>
<kw name="Registration Page Should Be Open" owner="resource">
<kw name="Title Should Be" owner="SeleniumLibrary">
<msg time="2026-01-02T05:54:07.513978" level="INFO">Page title is 'Registration'.</msg>
<arg>Registration</arg>
<doc>Verifies that the current page title equals ``title``.</doc>
<status status="PASS" start="2026-01-02T05:54:07.511187" elapsed="0.002840"/>
</kw>
<status status="PASS" start="2026-01-02T05:54:07.510966" elapsed="0.003116"/>
</kw>
<status status="PASS" start="2026-01-02T05:54:06.594279" elapsed="0.919844"/>
</kw>
<kw name="Input First Name" owner="resource">
<kw name="Input Text" owner="SeleniumLibrary">
<msg time="2026-01-02T05:54:07.514591" level="INFO">Typing text 'Somyod' into text field 'firstname'.</msg>
<arg>firstname</arg>
<arg>${FIRSTNAME}</arg>
<doc>Types the given ``text`` into the text field identified by ``locator``.</doc>
<status status="PASS" start="2026-01-02T05:54:07.514462" elapsed="0.068523"/>
</kw>
<arg>Somyod</arg>
<status status="PASS" start="2026-01-02T05:54:07.514296" elapsed="0.068764"/>
</kw>
<kw name="Input Last Name" owner="resource">
<kw name="Input Text" owner="SeleniumLibrary">
<msg time="2026-01-02T05:54:07.583516" level="INFO">Typing text 'Sodsai' into text field 'lastname'.</msg>
<arg>lastname</arg>
<arg>${LASTNAME}</arg>
<doc>Types the given ``text`` into the text field identified by ``locator``.</doc>
<status status="PASS" start="2026-01-02T05:54:07.583398" elapsed="0.024591"/>
</kw>
<arg>Sodsai</arg>
<status status="PASS" start="2026-01-02T05:54:07.583213" elapsed="0.024849"/>
</kw>
<kw name="Input Email" owner="resource">
<kw name="Input Text" owner="SeleniumLibrary">
<msg time="2026-01-02T05:54:07.608485" level="INFO">Typing text 'somyod@kkumail.com' into text field 'email'.</msg>
<arg>email</arg>
<arg>${EMAIL}</arg>
<doc>Types the given ``text`` into the text field identified by ``locator``.</doc>
<status status="PASS" start="2026-01-02T05:54:07.608378" elapsed="0.024506"/>
</kw>
<arg>somyod@kkumail.com</arg>
<status status="PASS" start="2026-01-02T05:54:07.608212" elapsed="0.024755"/>
</kw>
<kw name="Input Phone" owner="resource">
<kw name="Input Text" owner="SeleniumLibrary">
<msg time="2026-01-02T05:54:07.633458" level="INFO">Typing text '091-001-1234' into text field 'phone'.</msg>
<arg>phone</arg>
<arg>${PHONE}</arg>
<doc>Types the given ``text`` into the text field identified by ``locator``.</doc>
<status status="PASS" start="2026-01-02T05:54:07.633348" elapsed="0.028114"/>
</kw>
<arg>091-001-1234</arg>
<status status="PASS" start="2026-01-02T05:54:07.633147" elapsed="0.028388"/>
</kw>
<kw name="Submit Credentials" owner="resource">
<kw name="Click Button" owner="SeleniumLibrary">
<msg time="2026-01-02T05:54:07.661980" level="INFO">Clicking button 'registerButton'.</msg>
<arg>registerButton</arg>
<doc>Clicks the button identified by ``locator``.</doc>
<status status="PASS" start="2026-01-02T05:54:07.661860" elapsed="0.056584"/>
</kw>
<status status="PASS" start="2026-01-02T05:54:07.661704" elapsed="0.056814"/>
</kw>
<kw name="SUCCESS Page Should Be Open" owner="resource">
<kw name="Location Should Contain" owner="SeleniumLibrary">
<msg time="2026-01-02T05:54:07.720411" level="INFO">Current location contains 'http://localhost:7272/Lab4/Success.html'.</msg>
<arg>${SUCCESS URL}</arg>
<doc>Verifies that the current URL contains ``expected``.</doc>
<status status="PASS" start="2026-01-02T05:54:07.718830" elapsed="0.001610"/>
</kw>
<kw name="Title Should Be" owner="SeleniumLibrary">
<msg time="2026-01-02T05:54:07.721487" level="INFO">Page title is 'Success'.</msg>
<arg>Success</arg>
<doc>Verifies that the current page title equals ``title``.</doc>
<status status="PASS" start="2026-01-02T05:54:07.720489" elapsed="0.001020"/>
</kw>
<status status="PASS" start="2026-01-02T05:54:07.718686" elapsed="0.002850"/>
</kw>
<kw name="Close Browser" owner="SeleniumLibrary" type="TEARDOWN">
<doc>Closes the current browser.</doc>
<status status="PASS" start="2026-01-02T05:54:07.721667" elapsed="0.070052"/>
</kw>
<status status="PASS" start="2026-01-02T05:54:06.594066" elapsed="1.197776"/>
</test>
<doc>A test suite with a single test for valid login.

This test has a workflow that is created using keywords in
the imported resource file.</doc>
<status status="PASS" start="2026-01-02T05:54:05.209908" elapsed="2.582261"/>
</suite>
<suite id="s1-s2" name="UAT-Lab04-002" source="/Users/thanawatueasiripracha/Desktop/KKU/software-engineer/lab4/work/TestAutomationLab/test_cases/UAT-Lab04-002.robot">
<test id="s1-s2-t1" name="UAT-Lab04-002 Resgister Empty First Name" line="9">
<kw name="Open Browser To Register Page" owner="resource">
<kw name="Open Browser" owner="SeleniumLibrary">
<msg time="2026-01-02T05:54:07.794032" level="INFO">Opening browser 'Chrome' to base url 'http://localhost:7272/Lab4/Registration.html'.</msg>
<arg>${Registration URL}</arg>
<arg>${BROWSER}</arg>
<doc>Opens a new browser instance to the optional ``url``.</doc>
<status status="PASS" start="2026-01-02T05:54:07.793941" elapsed="0.605865"/>
</kw>
<kw name="Maximize Browser Window" owner="SeleniumLibrary">
<doc>Maximizes current browser window.</doc>
<status status="PASS" start="2026-01-02T05:54:08.400095" elapsed="0.343797"/>
</kw>
<kw name="Set Selenium Speed" owner="SeleniumLibrary">
<arg>${DELAY}</arg>
<doc>Sets the delay that is waited after each Selenium command.</doc>
<status status="PASS" start="2026-01-02T05:54:08.744030" elapsed="0.000230"/>
</kw>
<kw name="Registration Page Should Be Open" owner="resource">
<kw name="Title Should Be" owner="SeleniumLibrary">
<msg time="2026-01-02T05:54:08.747230" level="INFO">Page title is 'Registration'.</msg>
<arg>Registration</arg>
<doc>Verifies that the current page title equals ``title``.</doc>
<status status="PASS" start="2026-01-02T05:54:08.744563" elapsed="0.002709"/>
</kw>
<status status="PASS" start="2026-01-02T05:54:08.744377" elapsed="0.002945"/>
</kw>
<status status="PASS" start="2026-01-02T05:54:07.793828" elapsed="0.953532"/>
</kw>
<kw name="Input Last Name" owner="resource">
<kw name="Input Text" owner="SeleniumLibrary">
<msg time="2026-01-02T05:54:08.747844" level="INFO">Typing text 'Sodsai' into text field 'lastname'.</msg>
<arg>lastname</arg>
<arg>${LASTNAME}</arg>
<doc>Types the given ``text`` into the text field identified by ``locator``.</doc>
<status status="PASS" start="2026-01-02T05:54:08.747695" elapsed="0.067557"/>
</kw>
<arg>Sodsai</arg>
<status status="PASS" start="2026-01-02T05:54:08.747519" elapsed="0.067811"/>
</kw>
<kw name="Input Organization" owner="resource">
<kw name="Input Text" owner="SeleniumLibrary">
<msg time="2026-01-02T05:54:08.815765" level="INFO">Typing text 'CS KKU' into text field 'organization'.</msg>
<arg>organization</arg>
<arg>${ORGANIZATION}</arg>
<doc>Types the given ``text`` into the text field identified by ``locator``.</doc>
<status status="PASS" start="2026-01-02T05:54:08.815650" elapsed="0.024303"/>
</kw>
<arg>CS KKU</arg>
<status status="PASS" start="2026-01-02T05:54:08.815482" elapsed="0.024552"/>
</kw>
<kw name="Input Email" owner="resource">
<kw name="Input Text" owner="SeleniumLibrary">
<msg time="2026-01-02T05:54:08.840572" level="INFO">Typing text 'somyod@kkumail.com' into text field 'email'.</msg>
<arg>email</arg>
<arg>${EMAIL}</arg>
<doc>Types the given ``text`` into the text field identified by ``locator``.</doc>
<status status="PASS" start="2026-01-02T05:54:08.840445" elapsed="0.023613"/>
</kw>
<arg>somyod@kkumail.com</arg>
<status status="PASS" start="2026-01-02T05:54:08.840203" elapsed="0.023924"/>
</kw>
<kw name="Input Phone" owner="resource">
<kw name="Input Text" owner="SeleniumLibrary">
<msg time="2026-01-02T05:54:08.864534" level="INFO">Typing text '091-001-1234' into text field 'phone'.</msg>
<arg>phone</arg>
<arg>${PHONE}</arg>
<doc>Types the given ``text`` into the text field identified by ``locator``.</doc>
<status status="PASS" start="2026-01-02T05:54:08.864427" elapsed="0.027992"/>
</kw>
<arg>091-001-1234</arg>
<status status="PASS" start="2026-01-02T05:54:08.864267" elapsed="0.028223"/>
</kw>
<kw name="Submit Credentials" owner="resource">
<kw name="Click Button" owner="SeleniumLibrary">
<msg time="2026-01-02T05:54:08.892916" level="INFO">Clicking button 'registerButton'.</msg>
<arg>registerButton</arg>
<doc>Clicks the button identified by ``locator``.</doc>
<status status="PASS" start="2026-01-02T05:54:08.892802" elapsed="0.030176"/>
</kw>
<status status="PASS" start="2026-01-02T05:54:08.892643" elapsed="0.030519"/>
</kw>
<kw name="Error Message Should Be Displayed" owner="resource">
<kw name="Element Should Be Visible" owner="SeleniumLibrary">
<msg time="2026-01-02T05:54:08.931134" level="INFO">Element 'id=errors' is displayed.</msg>
<arg>id=errors</arg>
<doc>Verifies that the element identified by ``locator`` is visible.</doc>
<status status="PASS" start="2026-01-02T05:54:08.923587" elapsed="0.007592"/>
</kw>
<status status="PASS" start="2026-01-02T05:54:08.923402" elapsed="0.007821"/>
</kw>
<kw name="Element Text Should Be" owner="SeleniumLibrary">
<msg time="2026-01-02T05:54:08.931416" level="INFO">Verifying element 'id=errors' contains exact text 'Please enter your first name!!'.</msg>
<msg time="2026-01-02T05:54:09.004930" level="INFO" html="true">&lt;/td&gt;&lt;/tr&gt;&lt;tr&gt;&lt;td colspan="3"&gt;&lt;a href="selenium-screenshot-1.png"&gt;&lt;img src="selenium-screenshot-1.png" width="800px"&gt;&lt;/a&gt;</msg>
<msg time="2026-01-02T05:54:09.005072" level="FAIL">The text of element 'id=errors' should have been 'Please enter your first name!!' but it was '*Please enter your first name!!'.</msg>
<arg>id=errors</arg>
<arg>Please enter your first name!!</arg>
<doc>Verifies that element ``locator`` contains exact the text ``expected``.</doc>
<status status="FAIL" start="2026-01-02T05:54:08.931305" elapsed="0.075206">The text of element 'id=errors' should have been 'Please enter your first name!!' but it was '*Please enter your first name!!'.</status>
</kw>
<kw name="Close Browser" owner="SeleniumLibrary" type="TEARDOWN">
<doc>Closes the current browser.</doc>
<status status="PASS" start="2026-01-02T05:54:09.006737" elapsed="0.076289"/>
</kw>
<status status="FAIL" start="2026-01-02T05:54:07.793653" elapsed="1.289487">The text of element 'id=errors' should have been 'Please enter your first name!!' but it was '*Please enter your first name!!'.</status>
</test>
<test id="s1-s2-t2" name="UAT-Lab04-002 Resgister Empty Last Name" line="19">
<kw name="Open Browser To Register Page" owner="resource">
<kw name="Open Browser" owner="SeleniumLibrary">
<msg time="2026-01-02T05:54:09.083827" level="INFO">Opening browser 'Chrome' to base url 'http://localhost:7272/Lab4/Registration.html'.</msg>
<arg>${Registration URL}</arg>
<arg>${BROWSER}</arg>
<doc>Opens a new browser instance to the optional ``url``.</doc>
<status status="PASS" start="2026-01-02T05:54:09.083715" elapsed="0.604644"/>
</kw>
<kw name="Maximize Browser Window" owner="SeleniumLibrary">
<doc>Maximizes current browser window.</doc>
<status status="PASS" start="2026-01-02T05:54:09.689057" elapsed="0.335077"/>
</kw>
<kw name="Set Selenium Speed" owner="SeleniumLibrary">
<arg>${DELAY}</arg>
<doc>Sets the delay that is waited after each Selenium command.</doc>
<status status="PASS" start="2026-01-02T05:54:10.024273" elapsed="0.000289"/>
</kw>
<kw name="Registration Page Should Be Open" owner="resource">
<kw name="Title Should Be" owner="SeleniumLibrary">
<msg time="2026-01-02T05:54:10.032970" level="INFO">Page title is 'Registration'.</msg>
<arg>Registration</arg>
<doc>Verifies that the current page title equals ``title``.</doc>
<status status="PASS" start="2026-01-02T05:54:10.024977" elapsed="0.008062"/>
</kw>
<status status="PASS" start="2026-01-02T05:54:10.024731" elapsed="0.008379"/>
</kw>
<status status="PASS" start="2026-01-02T05:54:09.083579" elapsed="0.949572"/>
</kw>
<kw name="Input First Name" owner="resource">
<kw name="Input Text" owner="SeleniumLibrary">
<msg time="2026-01-02T05:54:10.033723" level="INFO">Typing text 'Somyod' into text field 'firstname'.</msg>
<arg>firstname</arg>
<arg>${FIRSTNAME}</arg>
<doc>Types the given ``text`` into the text field identified by ``locator``.</doc>
<status status="PASS" start="2026-01-02T05:54:10.033547" elapsed="0.063937"/>
</kw>
<arg>Somyod</arg>
<status status="PASS" start="2026-01-02T05:54:10.033348" elapsed="0.064212"/>
</kw>
<kw name="Input Organization" owner="resource">
<kw name="Input Text" owner="SeleniumLibrary">
<msg time="2026-01-02T05:54:10.097993" level="INFO">Typing text 'CS KKU' into text field 'organization'.</msg>
<arg>organization</arg>
<arg>${ORGANIZATION}</arg>
<doc>Types the given ``text`` into the text field identified by ``locator``.</doc>
<status status="PASS" start="2026-01-02T05:54:10.097881" elapsed="0.023231"/>
</kw>
<arg>CS KKU</arg>
<status status="PASS" start="2026-01-02T05:54:10.097712" elapsed="0.023466"/>
</kw>
<kw name="Input Email" owner="resource">
<kw name="Input Text" owner="SeleniumLibrary">
<msg time="2026-01-02T05:54:10.121582" level="INFO">Typing text 'somyod@kkumail.com' into text field 'email'.</msg>
<arg>email</arg>
<arg>${EMAIL}</arg>
<doc>Types the given ``text`` into the text field identified by ``locator``.</doc>
<status status="PASS" start="2026-01-02T05:54:10.121468" elapsed="0.023623"/>
</kw>
<arg>somyod@kkumail.com</arg>
<status status="PASS" start="2026-01-02T05:54:10.121314" elapsed="0.023843"/>
</kw>
<kw name="Input Phone" owner="resource">
<kw name="Input Text" owner="SeleniumLibrary">
<msg time="2026-01-02T05:54:10.145573" level="INFO">Typing text '091-001-1234' into text field 'phone'.</msg>
<arg>phone</arg>
<arg>${PHONE}</arg>
<doc>Types the given ``text`` into the text field identified by ``locator``.</doc>
<status status="PASS" start="2026-01-02T05:54:10.145465" elapsed="0.022445"/>
</kw>
<arg>091-001-1234</arg>
<status status="PASS" start="2026-01-02T05:54:10.145300" elapsed="0.022680"/>
</kw>
<kw name="Submit Credentials" owner="resource">
<kw name="Click Button" owner="SeleniumLibrary">
<msg time="2026-01-02T05:54:10.168394" level="INFO">Clicking button 'registerButton'.</msg>
<arg>registerButton</arg>
<doc>Clicks the button identified by ``locator``.</doc>
<status status="PASS" start="2026-01-02T05:54:10.168283" elapsed="0.042501"/>
</kw>
<status status="PASS" start="2026-01-02T05:54:10.168123" elapsed="0.042724"/>
</kw>
<kw name="Error Message Should Be Displayed" owner="resource">
<kw name="Element Should Be Visible" owner="SeleniumLibrary">
<msg time="2026-01-02T05:54:10.218367" level="INFO">Element 'id=errors' is displayed.</msg>
<arg>id=errors</arg>
<doc>Verifies that the element identified by ``locator`` is visible.</doc>
<status status="PASS" start="2026-01-02T05:54:10.211129" elapsed="0.007279"/>
</kw>
<status status="PASS" start="2026-01-02T05:54:10.210980" elapsed="0.007473"/>
</kw>
<kw name="Element Text Should Be" owner="SeleniumLibrary">
<msg time="2026-01-02T05:54:10.218655" level="INFO">Verifying element 'id=errors' contains exact text 'Please enter your last name!!'.</msg>
<msg time="2026-01-02T05:54:10.307033" level="INFO" html="true">&lt;/td&gt;&lt;/tr&gt;&lt;tr&gt;&lt;td colspan="3"&gt;&lt;a href="selenium-screenshot-2.png"&gt;&lt;img src="selenium-screenshot-2.png" width="800px"&gt;&lt;/a&gt;</msg>
<msg time="2026-01-02T05:54:10.307131" level="FAIL">The text of element 'id=errors' should have been 'Please enter your last name!!' but it was '*Please enter your last name!!'.</msg>
<arg>id=errors</arg>
<arg>Please enter your last name!!</arg>
<doc>Verifies that element ``locator`` contains exact the text ``expected``.</doc>
<status status="FAIL" start="2026-01-02T05:54:10.218548" elapsed="0.088935">The text of element 'id=errors' should have been 'Please enter your last name!!' but it was '*Please enter your last name!!'.</status>
</kw>
<kw name="Close Browser" owner="SeleniumLibrary" type="TEARDOWN">
<doc>Closes the current browser.</doc>
<status status="PASS" start="2026-01-02T05:54:10.307676" elapsed="0.069996"/>
</kw>
<status status="FAIL" start="2026-01-02T05:54:09.083349" elapsed="1.294442">The text of element 'id=errors' should have been 'Please enter your last name!!' but it was '*Please enter your last name!!'.</status>
</test>
<test id="s1-s2-t3" name="UAT-Lab04-002 Resgister Empty First Name and Last Name" line="29">
<kw name="Open Browser To Register Page" owner="resource">
<kw name="Open Browser" owner="SeleniumLibrary">
<msg time="2026-01-02T05:54:10.378433" level="INFO">Opening browser 'Chrome' to base url 'http://localhost:7272/Lab4/Registration.html'.</msg>
<arg>${Registration URL}</arg>
<arg>${BROWSER}</arg>
<doc>Opens a new browser instance to the optional ``url``.</doc>
<status status="PASS" start="2026-01-02T05:54:10.378318" elapsed="0.555542"/>
</kw>
<kw name="Maximize Browser Window" owner="SeleniumLibrary">
<doc>Maximizes current browser window.</doc>
<status status="PASS" start="2026-01-02T05:54:10.934219" elapsed="0.343285"/>
</kw>
<kw name="Set Selenium Speed" owner="SeleniumLibrary">
<arg>${DELAY}</arg>
<doc>Sets the delay that is waited after each Selenium command.</doc>
<status status="PASS" start="2026-01-02T05:54:11.277643" elapsed="0.000250"/>
</kw>
<kw name="Registration Page Should Be Open" owner="resource">
<kw name="Title Should Be" owner="SeleniumLibrary">
<msg time="2026-01-02T05:54:11.281285" level="INFO">Page title is 'Registration'.</msg>
<arg>Registration</arg>
<doc>Verifies that the current page title equals ``title``.</doc>
<status status="PASS" start="2026-01-02T05:54:11.278243" elapsed="0.003084"/>
</kw>
<status status="PASS" start="2026-01-02T05:54:11.278039" elapsed="0.003335"/>
</kw>
<status status="PASS" start="2026-01-02T05:54:10.378182" elapsed="0.903258"/>
</kw>
<kw name="Input Organization" owner="resource">
<kw name="Input Text" owner="SeleniumLibrary">
<msg time="2026-01-02T05:54:11.281883" level="INFO">Typing text 'CS KKU' into text field 'organization'.</msg>
<arg>organization</arg>
<arg>${ORGANIZATION}</arg>
<doc>Types the given ``text`` into the text field identified by ``locator``.</doc>
<status status="PASS" start="2026-01-02T05:54:11.281734" elapsed="0.066159"/>
</kw>
<arg>CS KKU</arg>
<status status="PASS" start="2026-01-02T05:54:11.281589" elapsed="0.066376"/>
</kw>
<kw name="Input Email" owner="resource">
<kw name="Input Text" owner="SeleniumLibrary">
<msg time="2026-01-02T05:54:11.348398" level="INFO">Typing text 'somyod@kkumail.com' into text field 'email'.</msg>
<arg>email</arg>
<arg>${EMAIL}</arg>
<doc>Types the given ``text`` into the text field identified by ``locator``.</doc>
<status status="PASS" start="2026-01-02T05:54:11.348286" elapsed="0.026527"/>
</kw>
<arg>somyod@kkumail.com</arg>
<status status="PASS" start="2026-01-02T05:54:11.348120" elapsed="0.026767"/>
</kw>
<kw name="Input Phone" owner="resource">
<kw name="Input Text" owner="SeleniumLibrary">
<msg time="2026-01-02T05:54:11.375347" level="INFO">Typing text '091-001-1234' into text field 'phone'.</msg>
<arg>phone</arg>
<arg>${PHONE}</arg>
<doc>Types the given ``text`` into the text field identified by ``locator``.</doc>
<status status="PASS" start="2026-01-02T05:54:11.375232" elapsed="0.024112"/>
</kw>
<arg>091-001-1234</arg>
<status status="PASS" start="2026-01-02T05:54:11.375044" elapsed="0.024372"/>
</kw>
<kw name="Submit Credentials" owner="resource">
<kw name="Click Button" owner="SeleniumLibrary">
<msg time="2026-01-02T05:54:11.399906" level="INFO">Clicking button 'registerButton'.</msg>
<arg>registerButton</arg>
<doc>Clicks the button identified by ``locator``.</doc>
<status status="PASS" start="2026-01-02T05:54:11.399746" elapsed="0.030285"/>
</kw>
<status status="PASS" start="2026-01-02T05:54:11.399571" elapsed="0.030543"/>
</kw>
<kw name="Error Message Should Be Displayed" owner="resource">
<kw name="Element Should Be Visible" owner="SeleniumLibrary">
<msg time="2026-01-02T05:54:11.441289" level="INFO">Element 'id=errors' is displayed.</msg>
<arg>id=errors</arg>
<doc>Verifies that the element identified by ``locator`` is visible.</doc>
<status status="PASS" start="2026-01-02T05:54:11.430472" elapsed="0.010865"/>
</kw>
<status status="PASS" start="2026-01-02T05:54:11.430268" elapsed="0.011113"/>
</kw>
<kw name="Element Text Should Be" owner="SeleniumLibrary">
<msg time="2026-01-02T05:54:11.441595" level="INFO">Verifying element 'id=errors' contains exact text 'Please enter your name!!'.</msg>
<msg time="2026-01-02T05:54:11.505004" level="INFO" html="true">&lt;/td&gt;&lt;/tr&gt;&lt;tr&gt;&lt;td colspan="3"&gt;&lt;a href="selenium-screenshot-3.png"&gt;&lt;img src="selenium-screenshot-3.png" width="800px"&gt;&lt;/a&gt;</msg>
<msg time="2026-01-02T05:54:11.505102" level="FAIL">The text of element 'id=errors' should have been 'Please enter your name!!' but it was '*Please enter your name!!'.</msg>
<arg>id=errors</arg>
<arg>Please enter your name!!</arg>
<doc>Verifies that element ``locator`` contains exact the text ``expected``.</doc>
<status status="FAIL" start="2026-01-02T05:54:11.441481" elapsed="0.063981">The text of element 'id=errors' should have been 'Please enter your name!!' but it was '*Please enter your name!!'.</status>
</kw>
<kw name="Close Browser" owner="SeleniumLibrary" type="TEARDOWN">
<doc>Closes the current browser.</doc>
<status status="PASS" start="2026-01-02T05:54:11.505721" elapsed="0.066392"/>
</kw>
<status status="FAIL" start="2026-01-02T05:54:10.377957" elapsed="1.194248">The text of element 'id=errors' should have been 'Please enter your name!!' but it was '*Please enter your name!!'.</status>
</test>
<test id="s1-s2-t4" name="UAT-Lab04-002 Resgister Empty Email" line="38">
<kw name="Open Browser To Register Page" owner="resource">
<kw name="Open Browser" owner="SeleniumLibrary">
<msg time="2026-01-02T05:54:11.572806" level="INFO">Opening browser 'Chrome' to base url 'http://localhost:7272/Lab4/Registration.html'.</msg>
<arg>${Registration URL}</arg>
<arg>${BROWSER}</arg>
<doc>Opens a new browser instance to the optional ``url``.</doc>
<status status="PASS" start="2026-01-02T05:54:11.572697" elapsed="0.592801"/>
</kw>
<kw name="Maximize Browser Window" owner="SeleniumLibrary">
<doc>Maximizes current browser window.</doc>
<status status="PASS" start="2026-01-02T05:54:12.166072" elapsed="0.344714"/>
</kw>
<kw name="Set Selenium Speed" owner="SeleniumLibrary">
<arg>${DELAY}</arg>
<doc>Sets the delay that is waited after each Selenium command.</doc>
<status status="PASS" start="2026-01-02T05:54:12.510946" elapsed="0.000273"/>
</kw>
<kw name="Registration Page Should Be Open" owner="resource">
<kw name="Title Should Be" owner="SeleniumLibrary">
<msg time="2026-01-02T05:54:12.514636" level="INFO">Page title is 'Registration'.</msg>
<arg>Registration</arg>
<doc>Verifies that the current page title equals ``title``.</doc>
<status status="PASS" start="2026-01-02T05:54:12.511559" elapsed="0.003129"/>
</kw>
<status status="PASS" start="2026-01-02T05:54:12.511362" elapsed="0.003376"/>
</kw>
<status status="PASS" start="2026-01-02T05:54:11.572572" elapsed="0.942196"/>
</kw>
<kw name="Input First Name" owner="resource">
<kw name="Input Text" owner="SeleniumLibrary">
<msg time="2026-01-02T05:54:12.515186" level="INFO">Typing text 'Somyod' into text field 'firstname'.</msg>
<arg>firstname</arg>
<arg>${FIRSTNAME}</arg>
<doc>Types the given ``text`` into the text field identified by ``locator``.</doc>
<status status="PASS" start="2026-01-02T05:54:12.515058" elapsed="0.067649"/>
</kw>
<arg>Somyod</arg>
<status status="PASS" start="2026-01-02T05:54:12.514914" elapsed="0.067866"/>
</kw>
<kw name="Input Last Name" owner="resource">
<kw name="Input Text" owner="SeleniumLibrary">
<msg time="2026-01-02T05:54:12.583242" level="INFO">Typing text 'Sodsai' into text field 'lastname'.</msg>
<arg>lastname</arg>
<arg>${LASTNAME}</arg>
<doc>Types the given ``text`` into the text field identified by ``locator``.</doc>
<status status="PASS" start="2026-01-02T05:54:12.583130" elapsed="0.025208"/>
</kw>
<arg>Sodsai</arg>
<status status="PASS" start="2026-01-02T05:54:12.582952" elapsed="0.025454"/>
</kw>
<kw name="Input Organization" owner="resource">
<kw name="Input Text" owner="SeleniumLibrary">
<msg time="2026-01-02T05:54:12.608820" level="INFO">Typing text 'CS KKU' into text field 'organization'.</msg>
<arg>organization</arg>
<arg>${ORGANIZATION}</arg>
<doc>Types the given ``text`` into the text field identified by ``locator``.</doc>
<status status="PASS" start="2026-01-02T05:54:12.608714" elapsed="0.022626"/>
</kw>
<arg>CS KKU</arg>
<status status="PASS" start="2026-01-02T05:54:12.608546" elapsed="0.022862"/>
</kw>
<kw name="Input Phone" owner="resource">
<kw name="Input Text" owner="SeleniumLibrary">
<msg time="2026-01-02T05:54:12.631858" level="INFO">Typing text '091-001-1234' into text field 'phone'.</msg>
<arg>phone</arg>
<arg>${PHONE}</arg>
<doc>Types the given ``text`` into the text field identified by ``locator``.</doc>
<status status="PASS" start="2026-01-02T05:54:12.631717" elapsed="0.028628"/>
</kw>
<arg>091-001-1234</arg>
<status status="PASS" start="2026-01-02T05:54:12.631552" elapsed="0.028868"/>
</kw>
<kw name="Submit Credentials" owner="resource">
<kw name="Click Button" owner="SeleniumLibrary">
<msg time="2026-01-02T05:54:12.660824" level="INFO">Clicking button 'registerButton'.</msg>
<arg>registerButton</arg>
<doc>Clicks the button identified by ``locator``.</doc>
<status status="PASS" start="2026-01-02T05:54:12.660721" elapsed="0.033478"/>
</kw>
<status status="PASS" start="2026-01-02T05:54:12.660564" elapsed="0.033706"/>
</kw>
<kw name="Error Message Should Be Displayed" owner="resource">
<kw name="Element Should Be Visible" owner="SeleniumLibrary">
<msg time="2026-01-02T05:54:12.701284" level="INFO">Element 'id=errors' is displayed.</msg>
<arg>id=errors</arg>
<doc>Verifies that the element identified by ``locator`` is visible.</doc>
<status status="PASS" start="2026-01-02T05:54:12.694570" elapsed="0.006758"/>
</kw>
<status status="PASS" start="2026-01-02T05:54:12.694412" elapsed="0.006981"/>
</kw>
<kw name="Element Text Should Be" owner="SeleniumLibrary">
<msg time="2026-01-02T05:54:12.701603" level="INFO">Verifying element 'id=errors' contains exact text 'Please enter your email!!'.</msg>
<msg time="2026-01-02T05:54:12.787593" level="INFO" html="true">&lt;/td&gt;&lt;/tr&gt;&lt;tr&gt;&lt;td colspan="3"&gt;&lt;a href="selenium-screenshot-4.png"&gt;&lt;img src="selenium-screenshot-4.png" width="800px"&gt;&lt;/a&gt;</msg>
<msg time="2026-01-02T05:54:12.787698" level="FAIL">The text of element 'id=errors' should have been 'Please enter your email!!' but it was '*Please enter your email!!'.</msg>
<arg>id=errors</arg>
<arg>Please enter your email!!</arg>
<doc>Verifies that element ``locator`` contains exact the text ``expected``.</doc>
<status status="FAIL" start="2026-01-02T05:54:12.701488" elapsed="0.086560">The text of element 'id=errors' should have been 'Please enter your email!!' but it was '*Please enter your email!!'.</status>
</kw>
<kw name="Close Browser" owner="SeleniumLibrary" type="TEARDOWN">
<doc>Closes the current browser.</doc>
<status status="PASS" start="2026-01-02T05:54:12.788262" elapsed="0.074408"/>
</kw>
<status status="FAIL" start="2026-01-02T05:54:11.572372" elapsed="1.290421">The text of element 'id=errors' should have been 'Please enter your email!!' but it was '*Please enter your email!!'.</status>
</test>
<test id="s1-s2-t5" name="UAT-Lab04-002 Resgister Empty Phone Number" line="48">
<kw name="Open Browser To Register Page" owner="resource">
<kw name="Open Browser" owner="SeleniumLibrary">
<msg time="2026-01-02T05:54:12.863410" level="INFO">Opening browser 'Chrome' to base url 'http://localhost:7272/Lab4/Registration.html'.</msg>
<arg>${Registration URL}</arg>
<arg>${BROWSER}</arg>
<doc>Opens a new browser instance to the optional ``url``.</doc>
<status status="PASS" start="2026-01-02T05:54:12.863303" elapsed="0.562629"/>
</kw>
<kw name="Maximize Browser Window" owner="SeleniumLibrary">
<doc>Maximizes current browser window.</doc>
<status status="PASS" start="2026-01-02T05:54:13.426687" elapsed="0.335132"/>
</kw>
<kw name="Set Selenium Speed" owner="SeleniumLibrary">
<arg>${DELAY}</arg>
<doc>Sets the delay that is waited after each Selenium command.</doc>
<status status="PASS" start="2026-01-02T05:54:13.761970" elapsed="0.000263"/>
</kw>
<kw name="Registration Page Should Be Open" owner="resource">
<kw name="Title Should Be" owner="SeleniumLibrary">
<msg time="2026-01-02T05:54:13.765367" level="INFO">Page title is 'Registration'.</msg>
<arg>Registration</arg>
<doc>Verifies that the current page title equals ``title``.</doc>
<status status="PASS" start="2026-01-02T05:54:13.762567" elapsed="0.002839"/>
</kw>
<status status="PASS" start="2026-01-02T05:54:13.762367" elapsed="0.003082"/>
</kw>
<status status="PASS" start="2026-01-02T05:54:12.863168" elapsed="0.902313"/>
</kw>
<kw name="Input First Name" owner="resource">
<kw name="Input Text" owner="SeleniumLibrary">
<msg time="2026-01-02T05:54:13.765867" level="INFO">Typing text 'Somyod' into text field 'firstname'.</msg>
<arg>firstname</arg>
<arg>${FIRSTNAME}</arg>
<doc>Types the given ``text`` into the text field identified by ``locator``.</doc>
<status status="PASS" start="2026-01-02T05:54:13.765746" elapsed="0.066688"/>
</kw>
<arg>Somyod</arg>
<status status="PASS" start="2026-01-02T05:54:13.765621" elapsed="0.066884"/>
</kw>
<kw name="Input Last Name" owner="resource">
<kw name="Input Text" owner="SeleniumLibrary">
<msg time="2026-01-02T05:54:13.832930" level="INFO">Typing text 'Sodsai' into text field 'lastname'.</msg>
<arg>lastname</arg>
<arg>${LASTNAME}</arg>
<doc>Types the given ``text`` into the text field identified by ``locator``.</doc>
<status status="PASS" start="2026-01-02T05:54:13.832822" elapsed="0.022798"/>
</kw>
<arg>Sodsai</arg>
<status status="PASS" start="2026-01-02T05:54:13.832653" elapsed="0.023044"/>
</kw>
<kw name="Input Organization" owner="resource">
<kw name="Input Text" owner="SeleniumLibrary">
<msg time="2026-01-02T05:54:13.856259" level="INFO">Typing text 'CS KKU' into text field 'organization'.</msg>
<arg>organization</arg>
<arg>${ORGANIZATION}</arg>
<doc>Types the given ``text`` into the text field identified by ``locator``.</doc>
<status status="PASS" start="2026-01-02T05:54:13.856128" elapsed="0.022585"/>
</kw>
<arg>CS KKU</arg>
<status status="PASS" start="2026-01-02T05:54:13.855892" elapsed="0.022891"/>
</kw>
<kw name="Input Email" owner="resource">
<kw name="Input Text" owner="SeleniumLibrary">
<msg time="2026-01-02T05:54:13.879205" level="INFO">Typing text 'somyod@kkumail.com' into text field 'email'.</msg>
<arg>email</arg>
<arg>${EMAIL}</arg>
<doc>Types the given ``text`` into the text field identified by ``locator``.</doc>
<status status="PASS" start="2026-01-02T05:54:13.879102" elapsed="0.026686"/>
</kw>
<arg>somyod@kkumail.com</arg>
<status status="PASS" start="2026-01-02T05:54:13.878928" elapsed="0.026943"/>
</kw>
<kw name="Submit Credentials" owner="resource">
<kw name="Click Button" owner="SeleniumLibrary">
<msg time="2026-01-02T05:54:13.906499" level="INFO">Clicking button 'registerButton'.</msg>
<arg>registerButton</arg>
<doc>Clicks the button identified by ``locator``.</doc>
<status status="PASS" start="2026-01-02T05:54:13.906282" elapsed="0.029407"/>
</kw>
<status status="PASS" start="2026-01-02T05:54:13.906072" elapsed="0.029693"/>
</kw>
<kw name="Error Message Should Be Displayed" owner="resource">
<kw name="Element Should Be Visible" owner="SeleniumLibrary">
<msg time="2026-01-02T05:54:13.943085" level="INFO">Element 'id=errors' is displayed.</msg>
<arg>id=errors</arg>
<doc>Verifies that the element identified by ``locator`` is visible.</doc>
<status status="PASS" start="2026-01-02T05:54:13.936156" elapsed="0.006972"/>
</kw>
<status status="PASS" start="2026-01-02T05:54:13.935971" elapsed="0.007198"/>
</kw>
<kw name="Element Text Should Be" owner="SeleniumLibrary">
<msg time="2026-01-02T05:54:13.943349" level="INFO">Verifying element 'id=errors' contains exact text 'Please enter your phone number!!'.</msg>
<msg time="2026-01-02T05:54:14.005589" level="INFO" html="true">&lt;/td&gt;&lt;/tr&gt;&lt;tr&gt;&lt;td colspan="3"&gt;&lt;a href="selenium-screenshot-5.png"&gt;&lt;img src="selenium-screenshot-5.png" width="800px"&gt;&lt;/a&gt;</msg>
<msg time="2026-01-02T05:54:14.005731" level="FAIL">The text of element 'id=errors' should have been 'Please enter your phone number!!' but it was '*Please enter your phone number!!'.</msg>
<arg>id=errors</arg>
<arg>Please enter your phone number!!</arg>
<doc>Verifies that element ``locator`` contains exact the text ``expected``.</doc>
<status status="FAIL" start="2026-01-02T05:54:13.943253" elapsed="0.062861">The text of element 'id=errors' should have been 'Please enter your phone number!!' but it was '*Please enter your phone number!!'.</status>
</kw>
<kw name="Close Browser" owner="SeleniumLibrary" type="TEARDOWN">
<doc>Closes the current browser.</doc>
<status status="PASS" start="2026-01-02T05:54:14.006355" elapsed="0.069862"/>
</kw>
<status status="FAIL" start="2026-01-02T05:54:12.862963" elapsed="1.213384">The text of element 'id=errors' should have been 'Please enter your phone number!!' but it was '*Please enter your phone number!!'.</status>
</test>
<test id="s1-s2-t6" name="UAT-Lab04-002 Resgister Invalid Phone Number" line="58">
<kw name="Open Browser To Register Page" owner="resource">
<kw name="Open Browser" owner="SeleniumLibrary">
<msg time="2026-01-02T05:54:14.076932" level="INFO">Opening browser 'Chrome' to base url 'http://localhost:7272/Lab4/Registration.html'.</msg>
<arg>${Registration URL}</arg>
<arg>${BROWSER}</arg>
<doc>Opens a new browser instance to the optional ``url``.</doc>
<status status="PASS" start="2026-01-02T05:54:14.076830" elapsed="0.608629"/>
</kw>
<kw name="Maximize Browser Window" owner="SeleniumLibrary">
<doc>Maximizes current browser window.</doc>
<status status="PASS" start="2026-01-02T05:54:14.685758" elapsed="0.337078"/>
</kw>
<kw name="Set Selenium Speed" owner="SeleniumLibrary">
<arg>${DELAY}</arg>
<doc>Sets the delay that is waited after each Selenium command.</doc>
<status status="PASS" start="2026-01-02T05:54:15.023005" elapsed="0.000339"/>
</kw>
<kw name="Registration Page Should Be Open" owner="resource">
<kw name="Title Should Be" owner="SeleniumLibrary">
<msg time="2026-01-02T05:54:15.031586" level="INFO">Page title is 'Registration'.</msg>
<arg>Registration</arg>
<doc>Verifies that the current page title equals ``title``.</doc>
<status status="PASS" start="2026-01-02T05:54:15.023714" elapsed="0.007941"/>
</kw>
<status status="PASS" start="2026-01-02T05:54:15.023500" elapsed="0.008224"/>
</kw>
<status status="PASS" start="2026-01-02T05:54:14.076704" elapsed="0.955062"/>
</kw>
<kw name="Input First Name" owner="resource">
<kw name="Input Text" owner="SeleniumLibrary">
<msg time="2026-01-02T05:54:15.032778" level="INFO">Typing text 'Somyod' into text field 'firstname'.</msg>
<arg>firstname</arg>
<arg>${FIRSTNAME}</arg>
<doc>Types the given ``text`` into the text field identified by ``locator``.</doc>
<status status="PASS" start="2026-01-02T05:54:15.032093" elapsed="0.068299"/>
</kw>
<arg>Somyod</arg>
<status status="PASS" start="2026-01-02T05:54:15.031956" elapsed="0.068511"/>
</kw>
<kw name="Input Last Name" owner="resource">
<kw name="Input Text" owner="SeleniumLibrary">
<msg time="2026-01-02T05:54:15.100897" level="INFO">Typing text 'Sodsai' into text field 'lastname'.</msg>
<arg>lastname</arg>
<arg>${LASTNAME}</arg>
<doc>Types the given ``text`` into the text field identified by ``locator``.</doc>
<status status="PASS" start="2026-01-02T05:54:15.100786" elapsed="0.024012"/>
</kw>
<arg>Sodsai</arg>
<status status="PASS" start="2026-01-02T05:54:15.100617" elapsed="0.024253"/>
</kw>
<kw name="Input Organization" owner="resource">
<kw name="Input Text" owner="SeleniumLibrary">
<msg time="2026-01-02T05:54:15.125361" level="INFO">Typing text 'CS KKU' into text field 'organization'.</msg>
<arg>organization</arg>
<arg>${ORGANIZATION}</arg>
<doc>Types the given ``text`` into the text field identified by ``locator``.</doc>
<status status="PASS" start="2026-01-02T05:54:15.125232" elapsed="0.022132"/>
</kw>
<arg>CS KKU</arg>
<status status="PASS" start="2026-01-02T05:54:15.125013" elapsed="0.022417"/>
</kw>
<kw name="Input Email" owner="resource">
<kw name="Input Text" owner="SeleniumLibrary">
<msg time="2026-01-02T05:54:15.147841" level="INFO">Typing text 'somyod@kkumail.com' into text field 'email'.</msg>
<arg>email</arg>
<arg>${EMAIL}</arg>
<doc>Types the given ``text`` into the text field identified by ``locator``.</doc>
<status status="PASS" start="2026-01-02T05:54:15.147734" elapsed="0.029722"/>
</kw>
<arg>somyod@kkumail.com</arg>
<status status="PASS" start="2026-01-02T05:54:15.147572" elapsed="0.029955"/>
</kw>
<kw name="Input Phone" owner="resource">
<kw name="Input Text" owner="SeleniumLibrary">
<msg time="2026-01-02T05:54:15.177940" level="INFO">Typing text '1234' into text field 'phone'.</msg>
<arg>phone</arg>
<arg>${PHONE}</arg>
<doc>Types the given ``text`` into the text field identified by ``locator``.</doc>
<status status="PASS" start="2026-01-02T05:54:15.177832" elapsed="0.024843"/>
</kw>
<arg>1234</arg>
<status status="PASS" start="2026-01-02T05:54:15.177669" elapsed="0.025071"/>
</kw>
<kw name="Submit Credentials" owner="resource">
<kw name="Click Button" owner="SeleniumLibrary">
<msg time="2026-01-02T05:54:15.203133" level="INFO">Clicking button 'registerButton'.</msg>
<arg>registerButton</arg>
<doc>Clicks the button identified by ``locator``.</doc>
<status status="PASS" start="2026-01-02T05:54:15.203025" elapsed="0.027047"/>
</kw>
<status status="PASS" start="2026-01-02T05:54:15.202878" elapsed="0.027267"/>
</kw>
<kw name="Error Message Should Be Displayed" owner="resource">
<kw name="Element Should Be Visible" owner="SeleniumLibrary">
<msg time="2026-01-02T05:54:15.237343" level="INFO">Element 'id=errors' is displayed.</msg>
<arg>id=errors</arg>
<doc>Verifies that the element identified by ``locator`` is visible.</doc>
<status status="PASS" start="2026-01-02T05:54:15.230449" elapsed="0.006942"/>
</kw>
<status status="PASS" start="2026-01-02T05:54:15.230285" elapsed="0.007150"/>
</kw>
<kw name="Element Text Should Be" owner="SeleniumLibrary">
<msg time="2026-01-02T05:54:15.237644" level="INFO">Verifying element 'id=errors' contains exact text 'Please enter a valid phone number, e.g., (081-234-5678, 081 234 5678, or 081.234.5678)'.</msg>
<msg time="2026-01-02T05:54:15.305025" level="INFO" html="true">&lt;/td&gt;&lt;/tr&gt;&lt;tr&gt;&lt;td colspan="3"&gt;&lt;a href="selenium-screenshot-6.png"&gt;&lt;img src="selenium-screenshot-6.png" width="800px"&gt;&lt;/a&gt;</msg>
<msg time="2026-01-02T05:54:15.305116" level="FAIL">The text of element 'id=errors' should have been 'Please enter a valid phone number, e.g., (081-234-5678, 081 234 5678, or 081.234.5678)' but it was 'Please enter a valid phone number!!'.</msg>
<arg>id=errors</arg>
<arg>Please enter a valid phone number, e.g., (081-234-5678, 081 234 5678, or 081.234.5678)</arg>
<doc>Verifies that element ``locator`` contains exact the text ``expected``.</doc>
<status status="FAIL" start="2026-01-02T05:54:15.237528" elapsed="0.067918">The text of element 'id=errors' should have been 'Please enter a valid phone number, e.g., (081-234-5678, 081 234 5678, or 081.234.5678)' but it was 'Please enter a valid phone number!!'.</status>
</kw>
<kw name="Close Browser" owner="SeleniumLibrary" type="TEARDOWN">
<doc>Closes the current browser.</doc>
<status status="PASS" start="2026-01-02T05:54:15.305714" elapsed="0.069469"/>
</kw>
<status status="FAIL" start="2026-01-02T05:54:14.076508" elapsed="1.298772">The text of element 'id=errors' should have been 'Please enter a valid phone number, e.g., (081-234-5678, 081 234 5678, or 081.234.5678)' but it was 'Please enter a valid phone number!!'.</status>
</test>
<doc>A test suite with a single test for valid login.

This test has a workflow that is created using keywords in
the imported resource file.</doc>
<status status="FAIL" start="2026-01-02T05:54:07.792445" elapsed="7.583042"/>
</suite>
<status status="FAIL" start="2026-01-02T05:54:05.198921" elapsed="10.176829"/>
</suite>
<statistics>
<total>
<stat pass="2" fail="6" skip="0">All Tests</stat>
</total>
<tag>
</tag>
<suite>
<stat name="Test Cases" id="s1" pass="2" fail="6" skip="0">Test Cases</stat>
<stat name="UAT-Lab04-001" id="s1-s1" pass="2" fail="0" skip="0">Test Cases.UAT-Lab04-001</stat>
<stat name="UAT-Lab04-002" id="s1-s2" pass="0" fail="6" skip="0">Test Cases.UAT-Lab04-002</stat>
</suite>
</statistics>
<errors>
</errors>
</robot>
